<?xml version="1.0" encoding="UTF-8"?>
<!-- Generated by org.testng.reporters.JUnitXMLReporter -->
<testsuite hostname="DESKTOP-HT8K5GM" ignored="0" name="FreeCRM TestRun" tests="8" failures="0" timestamp="09 Jan 2018 13:18:36 GMT" time="113.444" errors="0">
  <testcase name="LoginPageTitleTest" time="0.029" classname="com.crm.qa.testcases.LoginPageTest"/>
  <testcase name="verifyHomePageTitleTest" time="0.01" classname="com.crm.qa.testcases.HomePageTest"/>
  <testcase name="crmLogoImageTest" time="0.039" classname="com.crm.qa.testcases.LoginPageTest"/>
  <testcase name="verifyCorrectUserNameTest" time="0.029" classname="com.crm.qa.testcases.HomePageTest"/>
  <testcase name="loginTest" time="12.896" classname="com.crm.qa.testcases.LoginPageTest"/>
  <testcase name="clickOnContactsLink" time="1.036" classname="com.crm.qa.testcases.HomePageTest"/>
  <testcase name="clickOnDealsLink" time="0.911" classname="com.crm.qa.testcases.HomePageTest"/>
  <testcase name="clickOnTaskLink" time="0.89" classname="com.crm.qa.testcases.HomePageTest"/>
</testsuite> <!-- FreeCRM TestRun -->
